# JRE version: OpenJDK Runtime Environment (8.0_242-b01) (build 1.8.0_242-release-1644-b01)
# Java VM: OpenJDK 64-Bit Server VM (25.242-b01 mixed mode windows-amd64 compressed oops)
Heap:
 PSYoungGen      total 650240K, used 108861K [0x00000000d5580000, 0x00000000ffc80000, 0x0000000100000000)
  eden space 609280K, 16% used [0x00000000d5580000,0x00000000db7a4438,0x00000000fa880000)
  from space 40960K, 20% used [0x00000000fd480000,0x00000000fdcab330,0x00000000ffc80000)
  to   space 43008K, 0% used [0x00000000fa880000,0x00000000fa880000,0x00000000fd280000)
 ParOldGen       total 207360K, used 85374K [0x0000000080000000, 0x000000008ca80000, 0x00000000d5580000)
  object space 207360K, 41% used [0x0000000080000000,0x000000008535f8f8,0x000000008ca80000)
 Metaspace       used 106753K, capacity 113341K, committed 113560K, reserved 1146880K
  class space    used 13943K, capacity 15177K, committed 15272K, reserved 1048576K
GC Heap History (10 events):
Event: 1991.626 GC heap before
{Heap before GC invocations=31 (full 4):
 PSYoungGen      total 601600K, used 569232K [0x00000000d5580000, 0x00000000fd500000, 0x0000000100000000)
  eden space 557568K, 100% used [0x00000000d5580000,0x00000000f7600000,0x00000000f7600000)
  from space 44032K, 26% used [0x00000000faa00000,0x00000000fb564300,0x00000000fd500000)
  to   space 48640K, 0% used [0x00000000f7600000,0x00000000f7600000,0x00000000fa580000)
 ParOldGen       total 155648K, used 123406K [0x0000000080000000, 0x0000000089800000, 0x00000000d5580000)
  object space 155648K, 79% used [0x0000000080000000,0x0000000087883bf8,0x0000000089800000)
 Metaspace       used 106643K, capacity 113229K, committed 113560K, reserved 1146880K
  class space    used 13946K, capacity 15185K, committed 15272K, reserved 1048576K
Event: 1991.711 GC heap after
Heap after GC invocations=31 (full 4):
 PSYoungGen      total 606208K, used 5694K [0x00000000d5580000, 0x0000000100000000, 0x0000000100000000)
  eden space 557568K, 0% used [0x00000000d5580000,0x00000000d5580000,0x00000000f7600000)
  from space 48640K, 11% used [0x00000000f7600000,0x00000000f7b8f8b8,0x00000000fa580000)
  to   space 48128K, 0% used [0x00000000fd100000,0x00000000fd100000,0x0000000100000000)
 ParOldGen       total 155648K, used 127316K [0x0000000080000000, 0x0000000089800000, 0x00000000d5580000)
  object space 155648K, 81% used [0x0000000080000000,0x0000000087c55330,0x0000000089800000)
 Metaspace       used 106643K, capacity 113229K, committed 113560K, reserved 1146880K
  class space    used 13946K, capacity 15185K, committed 15272K, reserved 1048576K
}
Event: 1994.435 GC heap before
{Heap before GC invocations=32 (full 4):
 PSYoungGen      total 606208K, used 563262K [0x00000000d5580000, 0x0000000100000000, 0x0000000100000000)
  eden space 557568K, 100% used [0x00000000d5580000,0x00000000f7600000,0x00000000f7600000)
  from space 48640K, 11% used [0x00000000f7600000,0x00000000f7b8f8b8,0x00000000fa580000)
  to   space 48128K, 0% used [0x00000000fd100000,0x00000000fd100000,0x0000000100000000)
 ParOldGen       total 155648K, used 127316K [0x0000000080000000, 0x0000000089800000, 0x00000000d5580000)
  object space 155648K, 81% used [0x0000000080000000,0x0000000087c55330,0x0000000089800000)
 Metaspace       used 106710K, capacity 113305K, committed 113560K, reserved 1146880K
  class space    used 13948K, capacity 15187K, committed 15272K, reserved 1048576K
Event: 1994.849 GC heap after
Heap after GC invocations=32 (full 4):
 PSYoungGen      total 643584K, used 17331K [0x00000000d5580000, 0x00000000ff980000, 0x0000000100000000)
  eden space 602112K, 0% used [0x00000000d5580000,0x00000000d5580000,0x00000000fa180000)
  from space 41472K, 41% used [0x00000000fd100000,0x00000000fe1ecd10,0x00000000ff980000)
  to   space 45056K, 0% used [0x00000000fa180000,0x00000000fa180000,0x00000000fcd80000)
 ParOldGen       total 155648K, used 129126K [0x0000000080000000, 0x0000000089800000, 0x00000000d5580000)
  object space 155648K, 82% used [0x0000000080000000,0x0000000087e19b18,0x0000000089800000)
 Metaspace       used 106710K, capacity 113305K, committed 113560K, reserved 1146880K
  class space    used 13948K, capacity 15187K, committed 15272K, reserved 1048576K
}
Event: 2000.689 GC heap before
{Heap before GC invocations=33 (full 4):
 PSYoungGen      total 643584K, used 619443K [0x00000000d5580000, 0x00000000ff980000, 0x0000000100000000)
  eden space 602112K, 100% used [0x00000000d5580000,0x00000000fa180000,0x00000000fa180000)
  from space 41472K, 41% used [0x00000000fd100000,0x00000000fe1ecd10,0x00000000ff980000)
  to   space 45056K, 0% used [0x00000000fa180000,0x00000000fa180000,0x00000000fcd80000)
 ParOldGen       total 155648K, used 129126K [0x0000000080000000, 0x0000000089800000, 0x00000000d5580000)
  object space 155648K, 82% used [0x0000000080000000,0x0000000087e19b18,0x0000000089800000)
 Metaspace       used 106726K, capacity 113305K, committed 113560K, reserved 1146880K
  class space    used 13948K, capacity 15187K, committed 15272K, reserved 1048576K
Event: 2000.956 GC heap after
Heap after GC invocations=33 (full 4):
 PSYoungGen      total 647168K, used 3168K [0x00000000d5580000, 0x0000000100000000, 0x0000000100000000)
  eden space 602112K, 0% used [0x00000000d5580000,0x00000000d5580000,0x00000000fa180000)
  from space 45056K, 7% used [0x00000000fa180000,0x00000000fa498010,0x00000000fcd80000)
  to   space 44544K, 0% used [0x00000000fd480000,0x00000000fd480000,0x0000000100000000)
 ParOldGen       total 155648K, used 139894K [0x0000000080000000, 0x0000000089800000, 0x00000000d5580000)
  object space 155648K, 89% used [0x0000000080000000,0x000000008889d9a0,0x0000000089800000)
 Metaspace       used 106726K, capacity 113305K, committed 113560K, reserved 1146880K
  class space    used 13948K, capacity 15187K, committed 15272K, reserved 1048576K
}
Event: 2000.956 GC heap before
{Heap before GC invocations=34 (full 5):
 PSYoungGen      total 647168K, used 3168K [0x00000000d5580000, 0x0000000100000000, 0x0000000100000000)
  eden space 602112K, 0% used [0x00000000d5580000,0x00000000d5580000,0x00000000fa180000)
  from space 45056K, 7% used [0x00000000fa180000,0x00000000fa498010,0x00000000fcd80000)
  to   space 44544K, 0% used [0x00000000fd480000,0x00000000fd480000,0x0000000100000000)
 ParOldGen       total 155648K, used 139894K [0x0000000080000000, 0x0000000089800000, 0x00000000d5580000)
  object space 155648K, 89% used [0x0000000080000000,0x000000008889d9a0,0x0000000089800000)
 Metaspace       used 106726K, capacity 113305K, committed 113560K, reserved 1146880K
  class space    used 13948K, capacity 15187K, committed 15272K, reserved 1048576K
Event: 2005.982 GC heap after
Heap after GC invocations=34 (full 5):
 PSYoungGen      total 647168K, used 0K [0x00000000d5580000, 0x0000000100000000, 0x0000000100000000)
  eden space 602112K, 0% used [0x00000000d5580000,0x00000000d5580000,0x00000000fa180000)
  from space 45056K, 0% used [0x00000000fa180000,0x00000000fa180000,0x00000000fcd80000)
  to   space 44544K, 0% used [0x00000000fd480000,0x00000000fd480000,0x0000000100000000)
 ParOldGen       total 207360K, used 85366K [0x0000000080000000, 0x000000008ca80000, 0x00000000d5580000)
  object space 207360K, 41% used [0x0000000080000000,0x000000008535d8f8,0x000000008ca80000)
 Metaspace       used 106711K, capacity 113269K, committed 113560K, reserved 1146880K
  class space    used 13942K, capacity 15177K, committed 15272K, reserved 1048576K
}
Event: 2019.248 GC heap before
{Heap before GC invocations=35 (full 5):
 PSYoungGen      total 647168K, used 602112K [0x00000000d5580000, 0x0000000100000000, 0x0000000100000000)
  eden space 602112K, 100% used [0x00000000d5580000,0x00000000fa180000,0x00000000fa180000)
  from space 45056K, 0% used [0x00000000fa180000,0x00000000fa180000,0x00000000fcd80000)
  to   space 44544K, 0% used [0x00000000fd480000,0x00000000fd480000,0x0000000100000000)
 ParOldGen       total 207360K, used 85366K [0x0000000080000000, 0x000000008ca80000, 0x00000000d5580000)
  object space 207360K, 41% used [0x0000000080000000,0x000000008535d8f8,0x000000008ca80000)
 Metaspace       used 106751K, capacity 113341K, committed 113560K, reserved 1146880K
  class space    used 13943K, capacity 15177K, committed 15272K, reserved 1048576K
Event: 2020.833 GC heap after
Heap after GC invocations=35 (full 5):
 PSYoungGen      total 650240K, used 8364K [0x00000000d5580000, 0x00000000ffc80000, 0x0000000100000000)
  eden space 609280K, 0% used [0x00000000d5580000,0x00000000d5580000,0x00000000fa880000)
  from space 40960K, 20% used [0x00000000fd480000,0x00000000fdcab330,0x00000000ffc80000)
  to   space 43008K, 0% used [0x00000000fa880000,0x00000000fa880000,0x00000000fd280000)
 ParOldGen       total 207360K, used 85374K [0x0000000080000000, 0x000000008ca80000, 0x00000000d5580000)
  object space 207360K, 41% used [0x0000000080000000,0x000000008535f8f8,0x000000008ca80000)
 Metaspace       used 106751K, capacity 113341K, committed 113560K, reserved 1146880K
  class space    used 13943K, capacity 15177K, committed 15272K, reserved 1048576K
}

